[0m16:23:45.809942 [debug] [MainThread]: Sending event: {'category': 'dbt', 'action': 'invocation', 'label': 'start', 'context': [<snowplow_tracker.self_describing_json.SelfDescribingJson object at 0x7621bd51f530>, <snowplow_tracker.self_describing_json.SelfDescribingJson object at 0x7621bd768560>, <snowplow_tracker.self_describing_json.SelfDescribingJson object at 0x7621bdbc1580>]}


============================== 16:23:45.821456 | 61ed1345-121e-4044-8e64-544f03024985 ==============================
[0m16:23:45.821456 [info ] [MainThread]: Running with dbt=1.10.15
[0m16:23:45.822583 [debug] [MainThread]: running dbt with arguments {'fail_fast': 'False', 'indirect_selection': 'eager', 'debug': 'False', 'profiles_dir': '/root/.dbt', 'quiet': 'False', 'version_check': 'True', 'send_anonymous_usage_stats': 'True', 'partial_parse': 'True', 'use_experimental_parser': 'False', 'log_path': 'logs', 'warn_error': 'None', 'write_json': 'True', 'printer_width': '80', 'invocation_command': 'dbt deps', 'use_colors': 'True', 'target_path': 'None', 'warn_error_options': 'WarnErrorOptionsV2(error=[], warn=[], silence=[])', 'no_print': 'None', 'empty': 'None', 'cache_selected_only': 'False', 'log_cache_events': 'False', 'log_format': 'default', 'introspect': 'True', 'static_parser': 'True'}
[0m16:23:45.827677 [error] [MainThread]: Encountered an error:
Runtime Error
  No dbt_project.yml found at expected path /usr/app/dbt/dbt_project.yml
  Verify that each entry within packages.yml (and their transitive dependencies) contains a file named dbt_project.yml
  
[0m16:23:45.830165 [debug] [MainThread]: Resource report: {"command_name": "deps", "command_success": false, "command_wall_clock_time": 0.07380566, "process_in_blocks": "0", "process_kernel_time": 0.565776, "process_mem_max_rss": "103124", "process_out_blocks": "3224", "process_user_time": 1.578219}
[0m16:23:45.832039 [debug] [MainThread]: Command `dbt deps` failed at 16:23:45.831820 after 0.08 seconds
[0m16:23:45.833624 [debug] [MainThread]: Sending event: {'category': 'dbt', 'action': 'invocation', 'label': 'end', 'context': [<snowplow_tracker.self_describing_json.SelfDescribingJson object at 0x7621bdedad80>, <snowplow_tracker.self_describing_json.SelfDescribingJson object at 0x7621bd5716a0>, <snowplow_tracker.self_describing_json.SelfDescribingJson object at 0x7621bd9040b0>]}
[0m16:23:45.834283 [debug] [MainThread]: Flushing usage events
[0m16:23:47.004642 [debug] [MainThread]: An error was encountered while trying to flush usage events
[0m16:24:14.956995 [debug] [MainThread]: Sending event: {'category': 'dbt', 'action': 'invocation', 'label': 'start', 'context': [<snowplow_tracker.self_describing_json.SelfDescribingJson object at 0x718b2c4beb40>, <snowplow_tracker.self_describing_json.SelfDescribingJson object at 0x718b2c9b9940>, <snowplow_tracker.self_describing_json.SelfDescribingJson object at 0x718b2c9b9c10>]}


============================== 16:24:14.960276 | 01447363-af86-453a-af9b-c5aee8405314 ==============================
[0m16:24:14.960276 [info ] [MainThread]: Running with dbt=1.10.15
[0m16:24:14.961357 [debug] [MainThread]: running dbt with arguments {'profiles_dir': '/root/.dbt', 'introspect': 'True', 'use_experimental_parser': 'False', 'send_anonymous_usage_stats': 'True', 'printer_width': '80', 'no_print': 'None', 'log_path': 'logs', 'warn_error': 'None', 'invocation_command': 'dbt deps', 'use_colors': 'True', 'log_cache_events': 'False', 'cache_selected_only': 'False', 'target_path': 'None', 'quiet': 'False', 'log_format': 'default', 'warn_error_options': 'WarnErrorOptionsV2(error=[], warn=[], silence=[])', 'debug': 'False', 'indirect_selection': 'eager', 'empty': 'None', 'version_check': 'True', 'static_parser': 'True', 'write_json': 'True', 'partial_parse': 'True', 'fail_fast': 'False'}
[0m16:24:14.962377 [error] [MainThread]: Encountered an error:
Runtime Error
  No dbt_project.yml found at expected path /usr/app/dbt/dbt_project.yml
  Verify that each entry within packages.yml (and their transitive dependencies) contains a file named dbt_project.yml
  
[0m16:24:14.963957 [debug] [MainThread]: Resource report: {"command_name": "deps", "command_success": false, "command_wall_clock_time": 0.059187513, "process_in_blocks": "0", "process_kernel_time": 0.30363, "process_mem_max_rss": "100700", "process_out_blocks": "0", "process_user_time": 1.422725}
[0m16:24:14.964533 [debug] [MainThread]: Command `dbt deps` failed at 16:24:14.964447 after 0.06 seconds
[0m16:24:14.964970 [debug] [MainThread]: Sending event: {'category': 'dbt', 'action': 'invocation', 'label': 'end', 'context': [<snowplow_tracker.self_describing_json.SelfDescribingJson object at 0x718b2bb6bf80>, <snowplow_tracker.self_describing_json.SelfDescribingJson object at 0x718b2c92b440>, <snowplow_tracker.self_describing_json.SelfDescribingJson object at 0x718b2be70680>]}
[0m16:24:14.965394 [debug] [MainThread]: Flushing usage events
[0m16:24:16.524990 [debug] [MainThread]: An error was encountered while trying to flush usage events
[0m16:27:57.841788 [debug] [MainThread]: Sending event: {'category': 'dbt', 'action': 'invocation', 'label': 'start', 'context': [<snowplow_tracker.self_describing_json.SelfDescribingJson object at 0x772dde88d790>, <snowplow_tracker.self_describing_json.SelfDescribingJson object at 0x772ddeaaf7a0>, <snowplow_tracker.self_describing_json.SelfDescribingJson object at 0x772dde8e76e0>]}


============================== 16:27:57.846830 | 292b356d-cd27-4db7-a10e-f2d8af16cbc5 ==============================
[0m16:27:57.846830 [info ] [MainThread]: Running with dbt=1.10.15
[0m16:27:57.847998 [debug] [MainThread]: running dbt with arguments {'log_cache_events': 'False', 'log_path': 'logs', 'target_path': 'None', 'version_check': 'True', 'invocation_command': 'dbt deps', 'introspect': 'True', 'write_json': 'True', 'use_experimental_parser': 'False', 'cache_selected_only': 'False', 'fail_fast': 'False', 'profiles_dir': '/root/.dbt', 'no_print': 'None', 'printer_width': '80', 'use_colors': 'True', 'indirect_selection': 'eager', 'warn_error': 'None', 'debug': 'False', 'log_format': 'default', 'warn_error_options': 'WarnErrorOptionsV2(error=[], warn=[], silence=[])', 'empty': 'None', 'quiet': 'False', 'send_anonymous_usage_stats': 'True', 'partial_parse': 'True', 'static_parser': 'True'}
[0m16:27:57.849670 [error] [MainThread]: Encountered an error:
Runtime Error
  No dbt_project.yml found at expected path /usr/app/dbt/dbt_project.yml
  Verify that each entry within packages.yml (and their transitive dependencies) contains a file named dbt_project.yml
  
[0m16:27:57.851669 [debug] [MainThread]: Resource report: {"command_name": "deps", "command_success": false, "command_wall_clock_time": 0.058698025, "process_in_blocks": "0", "process_kernel_time": 0.753809, "process_mem_max_rss": "99876", "process_out_blocks": "0", "process_user_time": 1.242984}
[0m16:27:57.852758 [debug] [MainThread]: Command `dbt deps` failed at 16:27:57.852657 after 0.06 seconds
[0m16:27:57.853464 [debug] [MainThread]: Sending event: {'category': 'dbt', 'action': 'invocation', 'label': 'end', 'context': [<snowplow_tracker.self_describing_json.SelfDescribingJson object at 0x772ddf6fdc70>, <snowplow_tracker.self_describing_json.SelfDescribingJson object at 0x772ddde56b70>, <snowplow_tracker.self_describing_json.SelfDescribingJson object at 0x772ddda6e720>]}
[0m16:27:57.854093 [debug] [MainThread]: Flushing usage events
[0m16:27:57.877793 [debug] [MainThread]: An error was encountered while trying to flush usage events
[0m17:22:32.193335 [debug] [MainThread]: Sending event: {'category': 'dbt', 'action': 'invocation', 'label': 'start', 'context': [<snowplow_tracker.self_describing_json.SelfDescribingJson object at 0x7bd7b59e0440>, <snowplow_tracker.self_describing_json.SelfDescribingJson object at 0x7bd7b572d610>, <snowplow_tracker.self_describing_json.SelfDescribingJson object at 0x7bd7b572e210>]}


Runtime Error
  No dbt_project.yml found at expected path /usr/app/dbt/dbt_project.yml
  Verify that each entry within packages.yml (and their transitive dependencies) contains a file named dbt_project.yml
  
[0m17:22:32.207167 [debug] [MainThread]: Resource report: {"command_name": "deps", "command_success": false, "command_wall_clock_time": 0.09455377, "process_in_blocks": "0", "process_kernel_time": 0.214876, "process_mem_max_rss": "101748", "process_out_blocks": "3240", "process_user_time": 2.474583}
[0m17:22:32.207846 [debug] [MainThread]: Command `dbt deps` failed at 17:22:32.207676 after 0.10 seconds
[0m17:22:32.208313 [debug] [MainThread]: Sending event: {'category': 'dbt', 'action': 'invocation', 'label': 'end', 'context': [<snowplow_tracker.self_describing_json.SelfDescribingJson object at 0x7bd7b97c2900>, <snowplow_tracker.self_describing_json.SelfDescribingJson object at 0x7bd7b500ca40>, <snowplow_tracker.self_describing_json.SelfDescribingJson object at 0x7bd7b500c950>]}
[0m17:22:32.208797 [debug] [MainThread]: Flushing usage events
[0m17:22:32.218071 [debug] [MainThread]: An error was encountered while trying to flush usage events
[0m17:23:19.816314 [debug] [MainThread]: Sending event: {'category': 'dbt', 'action': 'invocation', 'label': 'start', 'context': [<snowplow_tracker.self_describing_json.SelfDescribingJson object at 0x7881ef387ef0>, <snowplow_tracker.self_describing_json.SelfDescribingJson object at 0x7881ef622cf0>, <snowplow_tracker.self_describing_json.SelfDescribingJson object at 0x7881ef9256d0>]}


Runtime Error
  No dbt_project.yml found at expected path /usr/app/dbt/dbt_project.yml
  Verify that each entry within packages.yml (and their transitive dependencies) contains a file named dbt_project.yml
  
[0m17:23:19.824889 [debug] [MainThread]: Resource report: {"command_name": "deps", "command_success": false, "command_wall_clock_time": 0.09194979, "process_in_blocks": "0", "process_kernel_time": 0.180913, "process_mem_max_rss": "99124", "process_out_blocks": "8", "process_user_time": 2.020033}
[0m17:23:19.825513 [debug] [MainThread]: Command `dbt deps` failed at 17:23:19.825362 after 0.09 seconds
[0m17:23:19.825969 [debug] [MainThread]: Sending event: {'category': 'dbt', 'action': 'invocation', 'label': 'end', 'context': [<snowplow_tracker.self_describing_json.SelfDescribingJson object at 0x7881f328e900>, <snowplow_tracker.self_describing_json.SelfDescribingJson object at 0x7881ef0bf440>, <snowplow_tracker.self_describing_json.SelfDescribingJson object at 0x7881ef386c60>]}
[0m17:23:19.826467 [debug] [MainThread]: Flushing usage events
[0m17:23:19.832548 [debug] [MainThread]: An error was encountered while trying to flush usage events
[0m17:24:06.010142 [debug] [MainThread]: Sending event: {'category': 'dbt', 'action': 'invocation', 'label': 'start', 'context': [<snowplow_tracker.self_describing_json.SelfDescribingJson object at 0x707911089430>, <snowplow_tracker.self_describing_json.SelfDescribingJson object at 0x707910d90470>, <snowplow_tracker.self_describing_json.SelfDescribingJson object at 0x7079106fd940>]}


[0m17:39:39.369514 [debug] [MainThread]: Sending event: {'category': 'dbt', 'action': 'invocation', 'label': 'start', 'context': [<snowplow_tracker.self_describing_json.SelfDescribingJson object at 0x703db0e00740>, <snowplow_tracker.self_describing_json.SelfDescribingJson object at 0x703db05269f0>, <snowplow_tracker.self_describing_json.SelfDescribingJson object at 0x703db1094a40>]}


============================== 17:39:39.382915 | 43df2d36-aba1-428d-b3db-0abc1dd624eb ==============================
[0m17:39:39.382915 [info ] [MainThread]: Running with dbt=1.10.15
[0m17:39:39.384360 [debug] [MainThread]: running dbt with arguments {'log_path': 'logs', 'send_anonymous_usage_stats': 'True', 'introspect': 'True', 'quiet': 'False', 'invocation_command': 'dbt deps', 'fail_fast': 'False', 'version_check': 'True', 'cache_selected_only': 'False', 'partial_parse': 'True', 'no_print': 'None', 'warn_error_options': 'WarnErrorOptionsV2(error=[], warn=[], silence=[])', 'static_parser': 'True', 'indirect_selection': 'eager', 'profiles_dir': '/root/.dbt', 'debug': 'False', 'log_format': 'default', 'target_path': 'None', 'printer_width': '80', 'warn_error': 'None', 'write_json': 'True', 'use_colors': 'True', 'use_experimental_parser': 'False', 'empty': 'None', 'log_cache_events': 'False'}
[0m17:39:39.387652 [error] [MainThread]: Encountered an error:
Runtime Error
  No dbt_project.yml found at expected path /usr/app/dbt/dbt_project.yml
  Verify that each entry within packages.yml (and their transitive dependencies) contains a file named dbt_project.yml
  
[0m17:39:39.395949 [debug] [MainThread]: Resource report: {"command_name": "deps", "command_success": false, "command_wall_clock_time": 0.20392431, "process_in_blocks": "0", "process_kernel_time": 0.839873, "process_mem_max_rss": "103620", "process_out_blocks": "3224", "process_user_time": 4.223713}
[0m17:39:39.397207 [debug] [MainThread]: Command `dbt deps` failed at 17:39:39.397007 after 0.21 seconds
[0m17:39:39.398175 [debug] [MainThread]: Sending event: {'category': 'dbt', 'action': 'invocation', 'label': 'end', 'context': [<snowplow_tracker.self_describing_json.SelfDescribingJson object at 0x703db05269f0>, <snowplow_tracker.self_describing_json.SelfDescribingJson object at 0x703db06fad80>, <snowplow_tracker.self_describing_json.SelfDescribingJson object at 0x703dafb991f0>]}
[0m17:39:39.400578 [debug] [MainThread]: Flushing usage events
[0m17:39:39.882542 [debug] [MainThread]: An error was encountered while trying to flush usage events
[0m17:43:18.482808 [debug] [MainThread]: Sending event: {'category': 'dbt', 'action': 'invocation', 'label': 'start', 'context': [<snowplow_tracker.self_describing_json.SelfDescribingJson object at 0x7d4843f1d490>, <snowplow_tracker.self_describing_json.SelfDescribingJson object at 0x7d48447b6ae0>, <snowplow_tracker.self_describing_json.SelfDescribingJson object at 0x7d4843f1d400>]}


============================== 17:43:18.495306 | 713d0eff-0095-414f-b22f-a1bf21e3c417 ==============================
[0m17:43:18.495306 [info ] [MainThread]: Running with dbt=1.10.15
[0m17:43:18.496418 [debug] [MainThread]: running dbt with arguments {'invocation_command': 'dbt deps', 'use_colors': 'True', 'profiles_dir': '/root/.dbt', 'target_path': 'None', 'use_experimental_parser': 'False', 'introspect': 'True', 'printer_width': '80', 'empty': 'None', 'log_cache_events': 'False', 'cache_selected_only': 'False', 'send_anonymous_usage_stats': 'True', 'indirect_selection': 'eager', 'log_format': 'default', 'no_print': 'None', 'log_path': 'logs', 'fail_fast': 'False', 'warn_error': 'None', 'quiet': 'False', 'warn_error_options': 'WarnErrorOptionsV2(error=[], warn=[], silence=[])', 'static_parser': 'True', 'partial_parse': 'True', 'debug': 'False', 'version_check': 'True', 'write_json': 'True'}
[0m17:43:18.498217 [error] [MainThread]: Encountered an error:
Runtime Error
  No dbt_project.yml found at expected path /usr/app/dbt/dbt_project.yml
  Verify that each entry within packages.yml (and their transitive dependencies) contains a file named dbt_project.yml
  
[0m17:43:18.500436 [debug] [MainThread]: Resource report: {"command_name": "deps", "command_success": false, "command_wall_clock_time": 0.110246986, "process_in_blocks": "224", "process_kernel_time": 1.86599, "process_mem_max_rss": "103480", "process_out_blocks": "3224", "process_user_time": 3.88748}
[0m17:43:18.501589 [debug] [MainThread]: Command `dbt deps` failed at 17:43:18.501391 after 0.11 seconds
[0m17:43:18.502475 [debug] [MainThread]: Sending event: {'category': 'dbt', 'action': 'invocation', 'label': 'end', 'context': [<snowplow_tracker.self_describing_json.SelfDescribingJson object at 0x7d48444f9730>, <snowplow_tracker.self_describing_json.SelfDescribingJson object at 0x7d48444c8680>, <snowplow_tracker.self_describing_json.SelfDescribingJson object at 0x7d48437608f0>]}
[0m17:43:18.503400 [debug] [MainThread]: Flushing usage events
[0m17:43:19.189407 [debug] [MainThread]: An error was encountered while trying to flush usage events
[0m17:44:51.264537 [debug] [MainThread]: Sending event: {'category': 'dbt', 'action': 'invocation', 'label': 'start', 'context': [<snowplow_tracker.self_describing_json.SelfDescribingJson object at 0x7ab792d14440>, <snowplow_tracker.self_describing_json.SelfDescribingJson object at 0x7ab792e857c0>, <snowplow_tracker.self_describing_json.SelfDescribingJson object at 0x7ab7929f8bc0>]}


============================== 17:44:51.276982 | ed007b8c-ed8b-49f6-a13b-267a46025b58 ==============================
[0m17:44:51.276982 [info ] [MainThread]: Running with dbt=1.10.15
[0m17:44:51.278680 [debug] [MainThread]: running dbt with arguments {'quiet': 'False', 'empty': 'None', 'use_experimental_parser': 'False', 'indirect_selection': 'eager', 'target_path': 'None', 'partial_parse': 'True', 'profiles_dir': '/root/.dbt', 'cache_selected_only': 'False', 'warn_error_options': 'WarnErrorOptionsV2(error=[], warn=[], silence=[])', 'no_print': 'None', 'use_colors': 'True', 'invocation_command': 'dbt deps', 'warn_error': 'None', 'printer_width': '80', 'log_path': 'logs', 'version_check': 'True', 'static_parser': 'True', 'log_cache_events': 'False', 'fail_fast': 'False', 'debug': 'False', 'send_anonymous_usage_stats': 'True', 'log_format': 'default', 'introspect': 'True', 'write_json': 'True'}
[0m17:44:51.281112 [error] [MainThread]: Encountered an error:
Runtime Error
  No dbt_project.yml found at expected path /usr/app/dbt/dbt_project.yml
  Verify that each entry within packages.yml (and their transitive dependencies) contains a file named dbt_project.yml
  
[0m17:44:51.283274 [debug] [MainThread]: Resource report: {"command_name": "deps", "command_success": false, "command_wall_clock_time": 0.15965319, "process_in_blocks": "0", "process_kernel_time": 1.118363, "process_mem_max_rss": "103796", "process_out_blocks": "3224", "process_user_time": 4.429519}
[0m17:44:51.284744 [debug] [MainThread]: Command `dbt deps` failed at 17:44:51.284332 after 0.16 seconds
[0m17:44:51.286076 [debug] [MainThread]: Sending event: {'category': 'dbt', 'action': 'invocation', 'label': 'end', 'context': [<snowplow_tracker.self_describing_json.SelfDescribingJson object at 0x7ab792f17320>, <snowplow_tracker.self_describing_json.SelfDescribingJson object at 0x7ab7953a9220>, <snowplow_tracker.self_describing_json.SelfDescribingJson object at 0x7ab792588b60>]}
[0m17:44:51.287098 [debug] [MainThread]: Flushing usage events
[0m17:44:51.715697 [debug] [MainThread]: An error was encountered while trying to flush usage events
